WARNING: A terminally deprecated method in sun.misc.Unsafe has been called
WARNING: sun.misc.Unsafe::staticFieldBase has been called by com.google.inject.internal.aop.HiddenClassDefiner (file:/C:/Users/predr/.m2/wrapper/dists/apache-maven-3.9.11/03d7e36a140982eea48e22c1dcac01d8862b2550b2939e09a0809bbc5182a5bc/lib/guice-5.1.0-classes.jar)
WARNING: Please consider reporting this to the maintainers of class com.google.inject.internal.aop.HiddenClassDefiner
WARNING: sun.misc.Unsafe::staticFieldBase will be removed in a future release
[INFO] Scanning for projects...
[INFO] 
[INFO] ---------------------< com.jobtracker:job-tracker >---------------------
[INFO] Building job-tracker 0.0.1-SNAPSHOT
[INFO]   from pom.xml
[INFO] --------------------------------[ jar ]---------------------------------
[INFO] 
[INFO] >>> spring-boot:3.3.4:run (default-cli) > test-compile @ job-tracker >>>
[INFO] 
[INFO] --- resources:3.3.1:resources (default-resources) @ job-tracker ---
[INFO] Copying 1 resource from src\main\resources to target\classes
[INFO] Copying 0 resource from src\main\resources to target\classes
[INFO] 
[INFO] --- compiler:3.13.0:compile (default-compile) @ job-tracker ---
[INFO] Recompiling the module because of changed source code.
[INFO] Compiling 31 source files with javac [debug parameters release 21] to target\classes
[INFO] /C:/AI-AssistanceSoftUniWorkSpace/JobApplicationTracker/backend/src/main/java/com/jobtracker/service/ApplicationService.java: C:\AI-AssistanceSoftUniWorkSpace\JobApplicationTracker\backend\src\main\java\com\jobtracker\service\ApplicationService.java uses or overrides a deprecated API.
[INFO] /C:/AI-AssistanceSoftUniWorkSpace/JobApplicationTracker/backend/src/main/java/com/jobtracker/service/ApplicationService.java: Recompile with -Xlint:deprecation for details.
[INFO] 
[INFO] --- resources:3.3.1:testResources (default-testResources) @ job-tracker ---
[INFO] skip non existing resourceDirectory C:\AI-AssistanceSoftUniWorkSpace\JobApplicationTracker\backend\src\test\resources
[INFO] 
[INFO] --- compiler:3.13.0:testCompile (default-testCompile) @ job-tracker ---
[INFO] No sources to compile
[INFO] 
[INFO] <<< spring-boot:3.3.4:run (default-cli) < test-compile @ job-tracker <<<
[INFO] 
[INFO] 
[INFO] --- spring-boot:3.3.4:run (default-cli) @ job-tracker ---
[INFO] Attaching agents: []

  .   ____          _            __ _ _
 /\\ / ___'_ __ _ _(_)_ __  __ _ \ \ \ \
( ( )\___ | '_ | '_| | '_ \/ _` | \ \ \ \
 \\/  ___)| |_)| | | | | || (_| |  ) ) ) )
  '  |____| .__|_| |_|_| |_\__, | / / / /
 =========|_|==============|___/=/_/_/_/

 :: Spring Boot ::                (v3.3.4)

2026-06-13T15:41:53.845+03:00  INFO 16052 --- [           main] com.jobtracker.JobTrackerApplication     : Starting JobTrackerApplication using Java 25.0.3 with PID 16052 (C:\AI-AssistanceSoftUniWorkSpace\JobApplicationTracker\backend\target\classes started by predr in C:\AI-AssistanceSoftUniWorkSpace\JobApplicationTracker\backend)
2026-06-13T15:41:53.848+03:00  INFO 16052 --- [           main] com.jobtracker.JobTrackerApplication     : No active profile set, falling back to 1 default profile: "default"
2026-06-13T15:41:54.419+03:00  INFO 16052 --- [           main] .s.d.r.c.RepositoryConfigurationDelegate : Bootstrapping Spring Data JPA repositories in DEFAULT mode.
2026-06-13T15:41:54.498+03:00  INFO 16052 --- [           main] .s.d.r.c.RepositoryConfigurationDelegate : Finished Spring Data repository scanning in 70 ms. Found 3 JPA repository interfaces.
WARNING: A restricted method in java.lang.System has been called
WARNING: java.lang.System::load has been called by org.apache.tomcat.jni.Library in an unnamed module (file:/C:/Users/predr/.m2/repository/org/apache/tomcat/embed/tomcat-embed-core/10.1.30/tomcat-embed-core-10.1.30.jar)
WARNING: Use --enable-native-access=ALL-UNNAMED to avoid a warning for callers in this module
WARNING: Restricted methods will be blocked in a future release unless native access is enabled

2026-06-13T15:41:54.947+03:00  INFO 16052 --- [           main] o.s.b.w.embedded.tomcat.TomcatWebServer  : Tomcat initialized with port 8080 (http)
2026-06-13T15:41:54.959+03:00  INFO 16052 --- [           main] o.apache.catalina.core.StandardService   : Starting service [Tomcat]
2026-06-13T15:41:54.959+03:00  INFO 16052 --- [           main] o.apache.catalina.core.StandardEngine    : Starting Servlet engine: [Apache Tomcat/10.1.30]
2026-06-13T15:41:55.009+03:00  INFO 16052 --- [           main] o.a.c.c.C.[Tomcat].[localhost].[/]       : Initializing Spring embedded WebApplicationContext
2026-06-13T15:41:55.009+03:00  INFO 16052 --- [           main] w.s.c.ServletWebServerApplicationContext : Root WebApplicationContext: initialization completed in 1126 ms
2026-06-13T15:41:55.130+03:00  INFO 16052 --- [           main] o.hibernate.jpa.internal.util.LogHelper  : HHH000204: Processing PersistenceUnitInfo [name: default]
2026-06-13T15:41:55.174+03:00  INFO 16052 --- [           main] org.hibernate.Version                    : HHH000412: Hibernate ORM core version 6.5.3.Final
2026-06-13T15:41:55.201+03:00  INFO 16052 --- [           main] o.h.c.internal.RegionFactoryInitiator    : HHH000026: Second-level cache disabled
2026-06-13T15:41:55.452+03:00  INFO 16052 --- [           main] o.s.o.j.p.SpringPersistenceUnitInfo      : No LoadTimeWeaver setup: ignoring JPA class transformer
2026-06-13T15:41:55.475+03:00  INFO 16052 --- [           main] com.zaxxer.hikari.HikariDataSource       : HikariPool-1 - Starting...
2026-06-13T15:41:55.631+03:00  INFO 16052 --- [           main] com.zaxxer.hikari.pool.HikariPool        : HikariPool-1 - Added connection org.postgresql.jdbc.PgConnection@537b3b2e
2026-06-13T15:41:55.632+03:00  INFO 16052 --- [           main] com.zaxxer.hikari.HikariDataSource       : HikariPool-1 - Start completed.
2026-06-13T15:41:55.658+03:00  WARN 16052 --- [           main] org.hibernate.orm.deprecation            : HHH90000025: PostgreSQLDialect does not need to be specified explicitly using 'hibernate.dialect' (remove the property setting and it will be selected by default)
2026-06-13T15:41:56.462+03:00  INFO 16052 --- [           main] o.h.e.t.j.p.i.JtaPlatformInitiator       : HHH000489: No JTA platform available (set 'hibernate.transaction.jta.platform' to enable JTA platform integration)
2026-06-13T15:41:56.551+03:00  INFO 16052 --- [           main] j.LocalContainerEntityManagerFactoryBean : Initialized JPA EntityManagerFactory for persistence unit 'default'
2026-06-13T15:41:56.735+03:00  INFO 16052 --- [           main] o.s.d.j.r.query.QueryEnhancerFactory     : Hibernate is in classpath; If applicable, HQL parser will be used.
2026-06-13T15:41:57.457+03:00  WARN 16052 --- [           main] JpaBaseConfiguration$JpaWebConfiguration : spring.jpa.open-in-view is enabled by default. Therefore, database queries may be performed during view rendering. Explicitly configure spring.jpa.open-in-view to disable this warning
2026-06-13T15:41:57.792+03:00  INFO 16052 --- [           main] o.s.b.w.embedded.tomcat.TomcatWebServer  : Tomcat started on port 8080 (http) with context path '/'
2026-06-13T15:41:57.799+03:00  INFO 16052 --- [           main] com.jobtracker.JobTrackerApplication     : Started JobTrackerApplication in 4.25 seconds (process running for 4.54)
2026-06-13T15:42:17.602+03:00  INFO 16052 --- [nio-8080-exec-1] o.a.c.c.C.[Tomcat].[localhost].[/]       : Initializing Spring DispatcherServlet 'dispatcherServlet'
2026-06-13T15:42:17.603+03:00  INFO 16052 --- [nio-8080-exec-1] o.s.web.servlet.DispatcherServlet        : Initializing Servlet 'dispatcherServlet'
2026-06-13T15:42:17.603+03:00  INFO 16052 --- [nio-8080-exec-1] o.s.web.servlet.DispatcherServlet        : Completed initialization in 0 ms
